[0m18:54:06.948844 [debug] [MainThread]: Sending event: {'category': 'dbt', 'action': 'invocation', 'label': 'start', 'context': [<snowplow_tracker.self_describing_json.SelfDescribingJson object at 0x10a73d690>, <snowplow_tracker.self_describing_json.SelfDescribingJson object at 0x10a75f1d0>, <snowplow_tracker.self_describing_json.SelfDescribingJson object at 0x10a73d7d0>]}


============================== 18:54:06.951891 | 9838f0fd-6b5b-4d3d-b590-44f4e626d0d8 ==============================
[0m18:54:06.951891 [info ] [MainThread]: Running with dbt=1.11.5
[0m18:54:06.952236 [debug] [MainThread]: running dbt with arguments {'version_check': 'True', 'use_experimental_parser': 'False', 'log_format': 'default', 'warn_error_options': 'WarnErrorOptionsV2(error=[], warn=[], silence=[])', 'use_colors': 'True', 'write_json': 'True', 'target_path': 'None', 'static_parser': 'True', 'warn_error': 'None', 'indirect_selection': 'eager', 'fail_fast': 'False', 'quiet': 'False', 'debug': 'False', 'invocation_command': 'dbt init netflix-project', 'printer_width': '80', 'no_print': 'None', 'profiles_dir': '/Users/sujalkumarsahni/.dbt', 'partial_parse': 'True', 'cache_selected_only': 'False', 'empty': 'None', 'introspect': 'True', 'log_path': 'logs', 'send_anonymous_usage_stats': 'True', 'log_cache_events': 'False'}
[0m18:54:18.666735 [debug] [MainThread]: Starter project path: /Users/sujalkumarsahni/Downloads/netflix_project /venv/lib/python3.11/site-packages/dbt/include/starter_project
[0m18:54:18.679275 [info ] [MainThread]: 
Your new dbt project "netflix_project" was created!

For more information on how to configure the profiles.yml file,
please consult the dbt documentation here:

  https://docs.getdbt.com/docs/configure-your-profile

One more thing:

Need help? Don't hesitate to reach out to us via GitHub issues or on Slack:

  https://community.getdbt.com/

Happy modeling!

[0m18:54:18.680018 [info ] [MainThread]: Setting up your profile.
[0m18:56:27.659661 [info ] [MainThread]: Profile netflix_project written to /Users/sujalkumarsahni/.dbt/profiles.yml using target's profile_template.yml and your supplied values. Run 'dbt debug' to validate the connection.
[0m18:56:27.719155 [debug] [MainThread]: Resource report: {"command_name": "init", "command_success": true, "command_wall_clock_time": 140.8163, "process_in_blocks": "0", "process_kernel_time": 0.235298, "process_mem_max_rss": "132120576", "process_out_blocks": "0", "process_user_time": 0.950431}
[0m18:56:27.723452 [debug] [MainThread]: Command `dbt init` succeeded at 18:56:27.723152 after 140.82 seconds
[0m18:56:27.724539 [debug] [MainThread]: Sending event: {'category': 'dbt', 'action': 'invocation', 'label': 'end', 'context': [<snowplow_tracker.self_describing_json.SelfDescribingJson object at 0x10a76d6d0>, <snowplow_tracker.self_describing_json.SelfDescribingJson object at 0x10a604dd0>, <snowplow_tracker.self_describing_json.SelfDescribingJson object at 0x1048c5250>]}
[0m18:56:27.725264 [debug] [MainThread]: Flushing usage events
[0m18:56:29.257354 [debug] [MainThread]: An error was encountered while trying to flush usage events
